<?xml version="1.0" encoding="UTF-8"?>
<!-- Generated by org.testng.reporters.JUnitReportReporter -->
<testsuite skipped="0" hostname="VMPC1046" name="com.LoginLogout.ClickOnMenus" tests="4" failures="0" timestamp="16 May 2017 07:43:15 GMT" time="46.807" errors="0">
  <testcase name="InboxPage" time="23.853" classname="com.LoginLogout.ClickOnMenus"/>
  <testcase name="ClickOnHR" time="3.941" classname="com.LoginLogout.ClickOnMenus"/>
  <testcase name="detailsOfHr" time="16.913" classname="com.LoginLogout.ClickOnMenus"/>
  <testcase name="Recuiter" time="2.100" classname="com.LoginLogout.ClickOnMenus"/>
</testsuite> <!-- com.LoginLogout.ClickOnMenus -->
