<?xml version="1.0" encoding="UTF-8"?>
<!-- Generated by org.testng.reporters.JUnitReportReporter -->
<testsuite skipped="0" hostname="VMPC1046" name="com.LoginLogout.LoginToVzone" tests="3" failures="0" timestamp="16 May 2017 07:43:15 GMT" time="28.164" errors="0">
  <testcase name="invalidLogin" time="5.911" classname="com.LoginLogout.LoginToVzone"/>
  <testcase name="LoginValid" time="19.528" classname="com.LoginLogout.LoginToVzone"/>
  <testcase name="LogoutFunction" time="2.725" classname="com.LoginLogout.LoginToVzone"/>
</testsuite> <!-- com.LoginLogout.LoginToVzone -->
